<?xml version="1.0" encoding="utf-8"?><testsuites name="pytest tests"><testsuite name="pytest" errors="0" failures="0" skipped="1" tests="10" time="11.946" timestamp="2026-09-19T22:07:49.748575+00:00" hostname="agent-env-13a29969-91f4-45b8-a959-be284d40d47e"><testcase classname="tests.test_payment_flow.TestPayEndpoint" name="test_pay_success_creates_single_transaction" time="1.872" /><testcase classname="tests.test_payment_flow.TestPayEndpoint" name="test_pay_wrong_customer_404" time="0.893" /><testcase classname="tests.test_payment_flow.TestPayEndpoint" name="test_pay_requires_customer_role" time="0.546" /><testcase classname="tests.test_payment_flow.TestPayEndpoint" name="test_pay_unauthenticated" time="0.522" /><testcase classname="tests.test_payment_flow.TestPayEndpoint" name="test_pay_invalid_price" time="0.000"><skipped type="pytest.skip" message="Cannot create a trip with price&lt;=0 via public API; guard exists in code">/app/backend/tests/test_payment_flow.py:136: Cannot create a trip with price&lt;=0 via public API; guard exists in code</skipped></testcase><testcase classname="tests.test_payment_flow.TestPayEndpoint" name="test_pay_terminal_trip_rejected" time="2.084" /><testcase classname="tests.test_payment_flow.TestPaymentGuardOnStatus" name="test_driver_cannot_advance_without_payment" time="0.552" /><testcase classname="tests.test_payment_flow.TestPaymentGuardOnStatus" name="test_driver_can_advance_after_payment" time="0.729" /><testcase classname="tests.test_payment_flow.TestPodPendingNotification" name="test_notification_created_on_pod" time="2.265" /><testcase classname="tests.test_payment_flow.TestLedgerUnchanged" name="test_confirm_delivery_creates_three_ledger_txns_once" time="2.431" /></testsuite></testsuites>