<?xml version="1.0" encoding="utf-8"?><testsuites name="pytest tests"><testsuite name="pytest" errors="0" failures="0" skipped="0" tests="33" time="6.271" timestamp="2026-09-16T03:33:53.390138+00:00" hostname="agent-env-c79d6377-1ce2-4d09-87b2-f019ae16c160"><testcase classname="tests.test_cargo_backend.TestAdmin" name="test_stats" time="0.702" /><testcase classname="tests.test_cargo_backend.TestFullFlow" name="test_01_create_shipment" time="0.905" /><testcase classname="tests.test_cargo_backend.TestAdmin" name="test_list_endpoints[drivers]" time="0.198" /><testcase classname="tests.test_cargo_backend.TestAdmin" name="test_list_endpoints[shipments]" time="0.177" /><testcase classname="tests.test_cargo_backend.TestAdmin" name="test_list_endpoints[bids]" time="0.150" /><testcase classname="tests.test_cargo_backend.TestAdmin" name="test_list_endpoints[trips]" time="0.163" /><testcase classname="tests.test_cargo_backend.TestFullFlow" name="test_02_invalid_price_rejected" time="0.457" /><testcase classname="tests.test_cargo_backend.TestFullFlow" name="test_03_driver_bids" time="0.138" /><testcase classname="tests.test_cargo_backend.TestAdmin" name="test_list_endpoints[users]" time="0.149" /><testcase classname="tests.test_cargo_backend.TestFullFlow" name="test_04_customer_sees_bid" time="0.181" /><testcase classname="tests.test_cargo_backend.TestAdmin" name="test_list_endpoints[audit-logs]" time="0.150" /><testcase classname="tests.test_cargo_backend.TestFullFlow" name="test_05_customer_accepts_bid" time="0.315" /><testcase classname="tests.test_cargo_backend.TestAdmin" name="test_verify_driver_flow" time="1.682" /><testcase classname="tests.test_cargo_backend.TestFullFlow" name="test_06_driver_sees_trip" time="0.174" /><testcase classname="tests.test_cargo_backend.TestFullFlow" name="test_07_driver_advances_status" time="1.149" /><testcase classname="tests.test_cargo_backend.TestFullFlow" name="test_08_customer_confirms" time="0.130" /><testcase classname="tests.test_cargo_backend.TestAuth" name="test_admin_login_success" time="0.000" /><testcase classname="tests.test_cargo_backend.TestAuth" name="test_admin_login_bad_password" time="0.367" /><testcase classname="tests.test_cargo_backend.TestFullFlow" name="test_09_customer_rates" time="0.831" /><testcase classname="tests.test_cargo_backend.TestAuth" name="test_otp_request_invalid_role" time="0.152" /><testcase classname="tests.test_cargo_backend.TestAuth" name="test_otp_flow_customer" time="0.311" /><testcase classname="tests.test_cargo_backend.TestAuth" name="test_otp_flow_provider" time="0.375" /><testcase classname="tests.test_cargo_backend.TestDriverGating" name="test_approved_driver_marketplace" time="0.135" /><testcase classname="tests.test_cargo_backend.TestAuth" name="test_me_endpoint" time="0.120" /><testcase classname="tests.test_cargo_backend.TestDriverGating" name="test_pending_driver_marketplace_blocked" time="0.395" /><testcase classname="tests.test_cargo_backend.TestAuth" name="test_unauthenticated_401" time="0.182" /><testcase classname="tests.test_cargo_backend.TestDriverGating" name="test_pending_driver_bid_blocked" time="0.276" /><testcase classname="tests.test_cargo_backend.TestAuthorization" name="test_customer_cannot_admin" time="0.119" /><testcase classname="tests.test_cargo_backend.TestAuthorization" name="test_unauth_admin_401" time="0.142" /><testcase classname="tests.test_cargo_backend.TestShipmentValidation" name="test_missing_both" time="0.147" /><testcase classname="tests.test_cargo_backend.TestAuthorization" name="test_unauth_shipments_mine_401" time="0.117" /><testcase classname="tests.test_cargo_backend.TestShipmentValidation" name="test_missing_pickup" time="0.171" /><testcase classname="tests.test_cargo_backend.TestShipmentValidation" name="test_missing_delivery" time="0.179" /></testsuite></testsuites>